10:04:26 ERROR Неверный формат номера: MO653K124
10:04:26 ERROR Ошибка создания грузовика: Неверный формат номера: MO653K124
10:04:26 ERROR Строка 6: Неверный формат номера: MO653K124 | Содержимое: Truck(11.04.2022, "MO653K124", "Серый", "Isuzu", 6000)
10:05:02 ERROR Недопустимый цвет: 'tyuij'
10:05:02 ERROR Ошибка создания транспортного средства: Недопустимый цвет. Допустимые цвета: Бежевый, Белый, Голубой, Желтый, Зеленый, Золотой, Коричневый, Красный, Оранжевый, Розовый, Серебристый, Серый, Синий, Фиолетовый, Черный
10:05:02 ERROR Ошибка создания легкового автомобиля: Недопустимый цвет. Допустимые цвета: Бежевый, Белый, Голубой, Желтый, Зеленый, Золотой, Коричневый, Красный, Оранжевый, Розовый, Серебристый, Серый, Синий, Фиолетовый, Черный
10:23:53 ERROR Недопустимый цвет: '234'
10:23:53 ERROR Ошибка создания транспортного средства: Недопустимый цвет. Допустимые цвета: Бежевый, Белый, Голубой, Желтый, Зеленый, Золотой, Коричневый, Красный, Оранжевый, Розовый, Серебристый, Серый, Синий, Фиолетовый, Черный
10:23:53 ERROR Ошибка создания легкового автомобиля: Недопустимый цвет. Допустимые цвета: Бежевый, Белый, Голубой, Желтый, Зеленый, Золотой, Коричневый, Красный, Оранжевый, Розовый, Серебристый, Серый, Синий, Фиолетовый, Черный
10:33:48 ERROR Неверный формат номера: MO653K124
10:33:48 ERROR Ошибка создания грузовика: Неверный формат номера: MO653K124
10:33:48 ERROR Строка 6: Неверный формат номера: MO653K124 | Содержимое: Truck(11.04.2022, "MO653K124", "Серый", "Isuzu", 6000)
10:33:48 INFO Добавлен PersonalCar: A513BC24
10:33:48 INFO Добавлен Truck: X555KX77
10:33:48 INFO Добавлен Bus: B622TT777
10:33:48 INFO Добавлен PersonalCar: H333CP19
10:33:48 INFO Добавлен Bus: E312KX24
10:33:51 ERROR Недопустимый цвет: '3'
10:33:51 ERROR Ошибка создания транспортного средства: Недопустимый цвет. Допустимые цвета: Бежевый, Белый, Голубой, Желтый, Зеленый, Золотой, Коричневый, Красный, Оранжевый, Розовый, Серебристый, Серый, Синий, Фиолетовый, Черный
10:33:51 ERROR Ошибка создания легкового автомобиля: Недопустимый цвет. Допустимые цвета: Бежевый, Белый, Голубой, Желтый, Зеленый, Золотой, Коричневый, Красный, Оранжевый, Розовый, Серебристый, Серый, Синий, Фиолетовый, Черный
10:34:29 ERROR Ошибка чтения файла: [Errno 2] No such file or directory: 'nonexistent_file.txt'
10:34:29 ERROR Строка 1: Некорректный формат строки | Содержимое: Invalid data format
10:34:29 ERROR Недопустимый цвет: 'Red'
10:34:29 ERROR Ошибка создания транспортного средства: Недопустимый цвет. Допустимые цвета: Бежевый, Белый, Голубой, Желтый, Зеленый, Золотой, Коричневый, Красный, Оранжевый, Розовый, Серебристый, Серый, Синий, Фиолетовый, Черный
10:34:29 ERROR Ошибка создания легкового автомобиля: Недопустимый цвет. Допустимые цвета: Бежевый, Белый, Голубой, Желтый, Зеленый, Золотой, Коричневый, Красный, Оранжевый, Розовый, Серебристый, Серый, Синий, Фиолетовый, Черный
10:34:29 ERROR Строка 1: Недопустимый цвет. Допустимые цвета: Бежевый, Белый, Голубой, Желтый, Зеленый, Золотой, Коричневый, Красный, Оранжевый, Розовый, Серебристый, Серый, Синий, Фиолетовый, Черный | Содержимое: PersonalCar(15.05.2023, "A123BC", "Red", "Toyota", 120)
10:34:29 ERROR Недопустимый цвет: 'Blue'
10:34:29 ERROR Ошибка создания транспортного средства: Недопустимый цвет. Допустимые цвета: Бежевый, Белый, Голубой, Желтый, Зеленый, Золотой, Коричневый, Красный, Оранжевый, Розовый, Серебристый, Серый, Синий, Фиолетовый, Черный
10:34:29 ERROR Ошибка создания грузовика: Недопустимый цвет. Допустимые цвета: Бежевый, Белый, Голубой, Желтый, Зеленый, Золотой, Коричневый, Красный, Оранжевый, Розовый, Серебристый, Серый, Синий, Фиолетовый, Черный
10:34:29 ERROR Строка 2: Недопустимый цвет. Допустимые цвета: Бежевый, Белый, Голубой, Желтый, Зеленый, Золотой, Коричневый, Красный, Оранжевый, Розовый, Серебристый, Серый, Синий, Фиолетовый, Черный | Содержимое: Truck(16.05.2023, "X987YZ", "Blue", "Volvo", 5000)
10:34:29 ERROR Недопустимый цвет: 'Red'
10:34:29 ERROR Ошибка создания транспортного средства: Недопустимый цвет. Допустимые цвета: Бежевый, Белый, Голубой, Желтый, Зеленый, Золотой, Коричневый, Красный, Оранжевый, Розовый, Серебристый, Серый, Синий, Фиолетовый, Черный
10:34:29 ERROR Ошибка создания легкового автомобиля: Недопустимый цвет. Допустимые цвета: Бежевый, Белый, Голубой, Желтый, Зеленый, Золотой, Коричневый, Красный, Оранжевый, Розовый, Серебристый, Серый, Синий, Фиолетовый, Черный
10:34:29 ERROR Недопустимый цвет: 'Red'
10:34:29 ERROR Ошибка создания транспортного средства: Недопустимый цвет. Допустимые цвета: Бежевый, Белый, Голубой, Желтый, Зеленый, Золотой, Коричневый, Красный, Оранжевый, Розовый, Серебристый, Серый, Синий, Фиолетовый, Черный
10:34:29 ERROR Ошибка создания легкового автомобиля: Недопустимый цвет. Допустимые цвета: Бежевый, Белый, Голубой, Желтый, Зеленый, Золотой, Коричневый, Красный, Оранжевый, Розовый, Серебристый, Серый, Синий, Фиолетовый, Черный
10:34:29 ERROR Недопустимый цвет: 'Red'
10:34:29 ERROR Ошибка создания транспортного средства: Недопустимый цвет. Допустимые цвета: Бежевый, Белый, Голубой, Желтый, Зеленый, Золотой, Коричневый, Красный, Оранжевый, Розовый, Серебристый, Серый, Синий, Фиолетовый, Черный
10:34:29 ERROR Ошибка создания легкового автомобиля: Недопустимый цвет. Допустимые цвета: Бежевый, Белый, Голубой, Желтый, Зеленый, Золотой, Коричневый, Красный, Оранжевый, Розовый, Серебристый, Серый, Синий, Фиолетовый, Черный
10:34:29 ERROR Недопустимый цвет: 'Red'
10:34:29 ERROR Ошибка создания транспортного средства: Недопустимый цвет. Допустимые цвета: Бежевый, Белый, Голубой, Желтый, Зеленый, Золотой, Коричневый, Красный, Оранжевый, Розовый, Серебристый, Серый, Синий, Фиолетовый, Черный
10:34:29 ERROR Ошибка создания легкового автомобиля: Недопустимый цвет. Допустимые цвета: Бежевый, Белый, Голубой, Желтый, Зеленый, Золотой, Коричневый, Красный, Оранжевый, Розовый, Серебристый, Серый, Синий, Фиолетовый, Черный
10:34:29 ERROR Некорректный номер: ''
10:34:29 ERROR Ошибка создания транспортного средства: Номер должен быть непустой строкой
10:34:29 ERROR Ошибка создания легкового автомобиля: Номер должен быть непустой строкой
10:34:29 ERROR Недопустимый цвет: '123'
10:34:29 ERROR Ошибка создания транспортного средства: Недопустимый цвет. Допустимые цвета: Бежевый, Белый, Голубой, Желтый, Зеленый, Золотой, Коричневый, Красный, Оранжевый, Розовый, Серебристый, Серый, Синий, Фиолетовый, Черный
10:34:29 ERROR Ошибка создания легкового автомобиля: Недопустимый цвет. Допустимые цвета: Бежевый, Белый, Голубой, Желтый, Зеленый, Золотой, Коричневый, Красный, Оранжевый, Розовый, Серебристый, Серый, Синий, Фиолетовый, Черный
10:34:29 ERROR Некорректный тип даты: <class 'str'>
10:34:29 ERROR Ошибка создания транспортного средства: Дата должна быть типа datetime
10:34:29 ERROR Ошибка создания легкового автомобиля: Дата должна быть типа datetime
10:34:29 ERROR Недопустимый цвет: 'Red'
10:34:29 ERROR Ошибка создания транспортного средства: Недопустимый цвет. Допустимые цвета: Бежевый, Белый, Голубой, Желтый, Зеленый, Золотой, Коричневый, Красный, Оранжевый, Розовый, Серебристый, Серый, Синий, Фиолетовый, Черный
10:34:29 ERROR Ошибка создания легкового автомобиля: Недопустимый цвет. Допустимые цвета: Бежевый, Белый, Голубой, Желтый, Зеленый, Золотой, Коричневый, Красный, Оранжевый, Розовый, Серебристый, Серый, Синий, Фиолетовый, Черный
10:34:49 ERROR Ошибка чтения файла: [Errno 2] No such file or directory: 'nonexistent_file.txt'
10:34:49 ERROR Строка 1: Некорректный формат строки | Содержимое: Invalid data format
10:34:49 ERROR Недопустимый цвет: 'Red'
10:34:49 ERROR Ошибка создания транспортного средства: Недопустимый цвет. Допустимые цвета: Бежевый, Белый, Голубой, Желтый, Зеленый, Золотой, Коричневый, Красный, Оранжевый, Розовый, Серебристый, Серый, Синий, Фиолетовый, Черный
10:34:49 ERROR Ошибка создания легкового автомобиля: Недопустимый цвет. Допустимые цвета: Бежевый, Белый, Голубой, Желтый, Зеленый, Золотой, Коричневый, Красный, Оранжевый, Розовый, Серебристый, Серый, Синий, Фиолетовый, Черный
10:34:49 ERROR Строка 1: Недопустимый цвет. Допустимые цвета: Бежевый, Белый, Голубой, Желтый, Зеленый, Золотой, Коричневый, Красный, Оранжевый, Розовый, Серебристый, Серый, Синий, Фиолетовый, Черный | Содержимое: PersonalCar(15.05.2023, "A123BC", "Red", "Toyota", 120)
10:34:49 ERROR Недопустимый цвет: 'Blue'
10:34:49 ERROR Ошибка создания транспортного средства: Недопустимый цвет. Допустимые цвета: Бежевый, Белый, Голубой, Желтый, Зеленый, Золотой, Коричневый, Красный, Оранжевый, Розовый, Серебристый, Серый, Синий, Фиолетовый, Черный
10:34:49 ERROR Ошибка создания грузовика: Недопустимый цвет. Допустимые цвета: Бежевый, Белый, Голубой, Желтый, Зеленый, Золотой, Коричневый, Красный, Оранжевый, Розовый, Серебристый, Серый, Синий, Фиолетовый, Черный
10:34:49 ERROR Строка 2: Недопустимый цвет. Допустимые цвета: Бежевый, Белый, Голубой, Желтый, Зеленый, Золотой, Коричневый, Красный, Оранжевый, Розовый, Серебристый, Серый, Синий, Фиолетовый, Черный | Содержимое: Truck(16.05.2023, "X987YZ", "Blue", "Volvo", 5000)
10:34:49 ERROR Недопустимый цвет: 'Red'
10:34:49 ERROR Ошибка создания транспортного средства: Недопустимый цвет. Допустимые цвета: Бежевый, Белый, Голубой, Желтый, Зеленый, Золотой, Коричневый, Красный, Оранжевый, Розовый, Серебристый, Серый, Синий, Фиолетовый, Черный
10:34:49 ERROR Ошибка создания легкового автомобиля: Недопустимый цвет. Допустимые цвета: Бежевый, Белый, Голубой, Желтый, Зеленый, Золотой, Коричневый, Красный, Оранжевый, Розовый, Серебристый, Серый, Синий, Фиолетовый, Черный
10:34:49 ERROR Недопустимый цвет: 'Red'
10:34:49 ERROR Ошибка создания транспортного средства: Недопустимый цвет. Допустимые цвета: Бежевый, Белый, Голубой, Желтый, Зеленый, Золотой, Коричневый, Красный, Оранжевый, Розовый, Серебристый, Серый, Синий, Фиолетовый, Черный
10:34:49 ERROR Ошибка создания легкового автомобиля: Недопустимый цвет. Допустимые цвета: Бежевый, Белый, Голубой, Желтый, Зеленый, Золотой, Коричневый, Красный, Оранжевый, Розовый, Серебристый, Серый, Синий, Фиолетовый, Черный
10:34:49 ERROR Недопустимый цвет: 'Red'
10:34:49 ERROR Ошибка создания транспортного средства: Недопустимый цвет. Допустимые цвета: Бежевый, Белый, Голубой, Желтый, Зеленый, Золотой, Коричневый, Красный, Оранжевый, Розовый, Серебристый, Серый, Синий, Фиолетовый, Черный
10:34:49 ERROR Ошибка создания легкового автомобиля: Недопустимый цвет. Допустимые цвета: Бежевый, Белый, Голубой, Желтый, Зеленый, Золотой, Коричневый, Красный, Оранжевый, Розовый, Серебристый, Серый, Синий, Фиолетовый, Черный
10:34:49 ERROR Недопустимый цвет: 'Red'
10:34:49 ERROR Ошибка создания транспортного средства: Недопустимый цвет. Допустимые цвета: Бежевый, Белый, Голубой, Желтый, Зеленый, Золотой, Коричневый, Красный, Оранжевый, Розовый, Серебристый, Серый, Синий, Фиолетовый, Черный
10:34:49 ERROR Ошибка создания легкового автомобиля: Недопустимый цвет. Допустимые цвета: Бежевый, Белый, Голубой, Желтый, Зеленый, Золотой, Коричневый, Красный, Оранжевый, Розовый, Серебристый, Серый, Синий, Фиолетовый, Черный
10:34:49 ERROR Некорректный номер: ''
10:34:49 ERROR Ошибка создания транспортного средства: Номер должен быть непустой строкой
10:34:49 ERROR Ошибка создания легкового автомобиля: Номер должен быть непустой строкой
10:34:49 ERROR Недопустимый цвет: '123'
10:34:49 ERROR Ошибка создания транспортного средства: Недопустимый цвет. Допустимые цвета: Бежевый, Белый, Голубой, Желтый, Зеленый, Золотой, Коричневый, Красный, Оранжевый, Розовый, Серебристый, Серый, Синий, Фиолетовый, Черный
10:34:49 ERROR Ошибка создания легкового автомобиля: Недопустимый цвет. Допустимые цвета: Бежевый, Белый, Голубой, Желтый, Зеленый, Золотой, Коричневый, Красный, Оранжевый, Розовый, Серебристый, Серый, Синий, Фиолетовый, Черный
10:34:49 ERROR Некорректный тип даты: <class 'str'>
10:34:49 ERROR Ошибка создания транспортного средства: Дата должна быть типа datetime
10:34:49 ERROR Ошибка создания легкового автомобиля: Дата должна быть типа datetime
10:34:49 ERROR Недопустимый цвет: 'Red'
10:34:49 ERROR Ошибка создания транспортного средства: Недопустимый цвет. Допустимые цвета: Бежевый, Белый, Голубой, Желтый, Зеленый, Золотой, Коричневый, Красный, Оранжевый, Розовый, Серебристый, Серый, Синий, Фиолетовый, Черный
10:34:49 ERROR Ошибка создания легкового автомобиля: Недопустимый цвет. Допустимые цвета: Бежевый, Белый, Голубой, Желтый, Зеленый, Золотой, Коричневый, Красный, Оранжевый, Розовый, Серебристый, Серый, Синий, Фиолетовый, Черный
